<?xml version="1.0" encoding="UTF-8"?>
<!-- Generated by org.testng.reporters.JUnitXMLReporter -->
<testsuite ignored="0" hostname="DESKTOP-JP90GLM" failures="2" tests="2" name="Allure Test" time="5.139" errors="0" timestamp="2023-04-27T12:58:30 UYT">
  <testcase classname="scripts.AddToCartTest" name="addToCartProduct" time="3.199">
    <failure type="java.lang.VerifyError" message="Expecting a stackmap frame at branch target 70
Exception Details:
  Location:
    pages/HomePage.search(Ljava/lang/String;)Lpages/ProductSearchPage; @12: invokestatic
  Reason:
    Expected stackmap frame at this location.
  Bytecode:
    0000000: 2b4e b200 542a 2a2d b800 5a4d b800 602c
    0000010: b600 642a b400 1304 bd00 1759 032b 53b9
    0000020: 0019 0200 2ab4 0013 04bd 0017 5903 b200
    0000030: 1f53 b900 1902 00bb 0025 59b2 0007 b700
    0000040: 273a 05a7 0010 3a04 b800 6019 04b6 0068
    0000050: 1904 bfb8 0060 b600 6b19 05b0          
  Exception Handler Table:
    bci [12, 70] =&amp;gt; handler: 70
">
      <![CDATA[java.lang.VerifyError: Expecting a stackmap frame at branch target 70
Exception Details:
  Location:
    pages/HomePage.search(Ljava/lang/String;)Lpages/ProductSearchPage; @12: invokestatic
  Reason:
    Expected stackmap frame at this location.
  Bytecode:
    0000000: 2b4e b200 542a 2a2d b800 5a4d b800 602c
    0000010: b600 642a b400 1304 bd00 1759 032b 53b9
    0000020: 0019 0200 2ab4 0013 04bd 0017 5903 b200
    0000030: 1f53 b900 1902 00bb 0025 59b2 0007 b700
    0000040: 273a 05a7 0010 3a04 b800 6019 04b6 0068
    0000050: 1904 bfb8 0060 b600 6b19 05b0          
  Exception Handler Table:
    bci [12, 70] => handler: 70

at scripts.AddToCartTest.addToCartProduct(AddToCartTest.java:31)
at java.base/java.util.ArrayList.forEach(ArrayList.java:1511)
... Removed 31 stack frames]]>
    </failure>
  </testcase> <!-- addToCartProduct -->
  <testcase classname="scripts.AddToCartTest" name="addToCartProduct" time="0.844">
    <failure type="java.lang.VerifyError" message="Expecting a stackmap frame at branch target 70
Exception Details:
  Location:
    pages/HomePage.search(Ljava/lang/String;)Lpages/ProductSearchPage; @12: invokestatic
  Reason:
    Expected stackmap frame at this location.
  Bytecode:
    0000000: 2b4e b200 542a 2a2d b800 5a4d b800 602c
    0000010: b600 642a b400 1304 bd00 1759 032b 53b9
    0000020: 0019 0200 2ab4 0013 04bd 0017 5903 b200
    0000030: 1f53 b900 1902 00bb 0025 59b2 0007 b700
    0000040: 273a 05a7 0010 3a04 b800 6019 04b6 0068
    0000050: 1904 bfb8 0060 b600 6b19 05b0          
  Exception Handler Table:
    bci [12, 70] =&amp;gt; handler: 70
">
      <![CDATA[java.lang.VerifyError: Expecting a stackmap frame at branch target 70
Exception Details:
  Location:
    pages/HomePage.search(Ljava/lang/String;)Lpages/ProductSearchPage; @12: invokestatic
  Reason:
    Expected stackmap frame at this location.
  Bytecode:
    0000000: 2b4e b200 542a 2a2d b800 5a4d b800 602c
    0000010: b600 642a b400 1304 bd00 1759 032b 53b9
    0000020: 0019 0200 2ab4 0013 04bd 0017 5903 b200
    0000030: 1f53 b900 1902 00bb 0025 59b2 0007 b700
    0000040: 273a 05a7 0010 3a04 b800 6019 04b6 0068
    0000050: 1904 bfb8 0060 b600 6b19 05b0          
  Exception Handler Table:
    bci [12, 70] => handler: 70

at scripts.AddToCartTest.addToCartProduct(AddToCartTest.java:31)
at java.base/java.util.ArrayList.forEach(ArrayList.java:1511)
... Removed 31 stack frames]]>
    </failure>
  </testcase> <!-- addToCartProduct -->
</testsuite> <!-- Allure Test -->
